0 info it worked if it ends with ok
1 verbose cli [ 'C:\\Program Files\\nodejs\\node.exe',
1 verbose cli   'C:\\Users\\v-maob\\AppData\\Roaming\\npm\\node_modules\\npm\\bin\\npm-cli.js',
1 verbose cli   'start' ]
2 info using npm@3.10.5
3 info using node@v6.5.0
4 verbose run-script [ 'prestart', 'start', 'poststart' ]
5 info lifecycle electron_angular2@1.0.0~prestart: electron_angular2@1.0.0
6 silly lifecycle electron_angular2@1.0.0~prestart: no script for prestart, continuing
7 info lifecycle electron_angular2@1.0.0~start: electron_angular2@1.0.0
8 verbose lifecycle electron_angular2@1.0.0~start: unsafe-perm in lifecycle true
9 verbose lifecycle electron_angular2@1.0.0~start: PATH: C:\Users\v-maob\AppData\Roaming\npm\node_modules\npm\bin\node-gyp-bin;D:\Learning\electron_angular2\node_modules\.bin;C:\Program Files\nodejs;C:\ProgramData\Oracle\Java\javapath;C:\Windows\system32;C:\Windows;C:\Windows\System32\Wbem;C:\Windows\System32\WindowsPowerShell\v1.0\;C:\Program Files\Microsoft SQL Server\110\Tools\Binn\;C:\Program Files (x86)\Windows Kits\8.1\Windows Performance Toolkit\;C:\Program Files (x86)\Microsoft SQL Server\120\Tools\Binn\ManagementStudio\;C:\Program Files (x86)\Microsoft SQL Server\120\Tools\Binn\;C:\Program Files (x86)\Microsoft Visual Studio 12.0\Common7\IDE\PrivateAssemblies\;C:\Program Files (x86)\Microsoft SQL Server\120\DTS\Binn\;C:\Program Files\Microsoft SQL Server\120\Tools\Binn\;C:\Program Files\Microsoft\Web Platform Installer\;C:\Program Files\Microsoft SQL Server\Client SDK\ODBC\110\Tools\Binn\;C:\Program Files\Microsoft SQL Server\120\DTS\Binn\;C:\Program Files (x86)\Microsoft SDKs\TypeScript\1.0\;C:\Program Files\SourceGear\Common\DiffMerge\;C:\Users\v-maob\AppData\Loca;C:\Program Files (x86)\Skype\Phone\;C:\Program Files\Git\cmd;C:\Users\v-maob\.dnx\bin;C:\Program Files\Microsoft DNX\Dnvm\;C:\Program Files (x86)\Brackets\command;C:\Program Files\Microsoft SQL Server\130\Tools\Binn\;C:\Users\v-maob\AppData\Roaming\npm;C:\WINDOWS\system32;C:\WINDOWS;C:\WINDOWS\System32\Wbem;C:\WINDOWS\System32\WindowsPowerShell\v1.0\;C:\Program Files\nodejs\;C:\Users\v-maob\AppData\Local\Programs\Python\Python35-32\Scripts\;C:\Users\v-maob\AppData\Local\Programs\Python\Python35-32\;C:\Users\v-maob\AppData\Local\atom\bin;C:\Program Files (x86)\Microsoft VS Code\bin;C:\Users\v-maob\AppData\Local\Microsoft\WindowsApps;C:\Users\v-maob\AppData\Roaming\npm
10 verbose lifecycle electron_angular2@1.0.0~start: CWD: D:\Learning\electron_angular2
11 silly lifecycle electron_angular2@1.0.0~start: Args: [ '/d /s /c', 'tsc && electron .' ]
12 silly lifecycle electron_angular2@1.0.0~start: Returned: code: 2  signal: null
13 info lifecycle electron_angular2@1.0.0~start: Failed to exec start script
14 verbose stack Error: electron_angular2@1.0.0 start: `tsc && electron .`
14 verbose stack Exit status 2
14 verbose stack     at EventEmitter.<anonymous> (C:\Users\v-maob\AppData\Roaming\npm\node_modules\npm\lib\utils\lifecycle.js:242:16)
14 verbose stack     at emitTwo (events.js:106:13)
14 verbose stack     at EventEmitter.emit (events.js:191:7)
14 verbose stack     at ChildProcess.<anonymous> (C:\Users\v-maob\AppData\Roaming\npm\node_modules\npm\lib\utils\spawn.js:40:14)
14 verbose stack     at emitTwo (events.js:106:13)
14 verbose stack     at ChildProcess.emit (events.js:191:7)
14 verbose stack     at maybeClose (internal/child_process.js:877:16)
14 verbose stack     at Process.ChildProcess._handle.onexit (internal/child_process.js:226:5)
15 verbose pkgid electron_angular2@1.0.0
16 verbose cwd D:\Learning\electron_angular2
17 error Windows_NT 10.0.14393
18 error argv "C:\\Program Files\\nodejs\\node.exe" "C:\\Users\\v-maob\\AppData\\Roaming\\npm\\node_modules\\npm\\bin\\npm-cli.js" "start"
19 error node v6.5.0
20 error npm  v3.10.5
21 error code ELIFECYCLE
22 error electron_angular2@1.0.0 start: `tsc && electron .`
22 error Exit status 2
23 error Failed at the electron_angular2@1.0.0 start script 'tsc && electron .'.
23 error Make sure you have the latest version of node.js and npm installed.
23 error If you do, this is most likely a problem with the electron_angular2 package,
23 error not with npm itself.
23 error Tell the author that this fails on your system:
23 error     tsc && electron .
23 error You can get information on how to open an issue for this project with:
23 error     npm bugs electron_angular2
23 error Or if that isn't available, you can get their info via:
23 error     npm owner ls electron_angular2
23 error There is likely additional logging output above.
24 verbose exit [ 1, true ]
